<?xml version="1.0" encoding="UTF-8"?>
<!-- Generated by org.testng.reporters.JUnitReportReporter -->
<testsuite skipped="0" hostname="LAPTOP-FPKEBO57" name="com.orangehrm.LoginTest" tests="1" failures="0" timestamp="18 Feb 2021 14:49:55 GMT" time="13.058" errors="0">
  <testcase name="LoginWithValidFormatAdmin" time="13.058" classname="com.orangehrm.LoginTest"/>
</testsuite> <!-- com.orangehrm.LoginTest -->
